2022-01-10 1:44:34 - PHP Unknown:  Return type of Twig\Node\Node::count() should either be compatible with Countable::count(): int, or the #[\ReturnTypeWillChange] attribute should be used to temporarily suppress the notice in /home/ubuntu/Documentos/frameworks/htdocs/system/storage/vendor/twig/twig/src/Node/Node.php on line 161
2022-01-10 1:44:34 - PHP Unknown:  Return type of Twig\Node\Node::getIterator() should either be compatible with IteratorAggregate::getIterator(): Traversable, or the #[\ReturnTypeWillChange] attribute should be used to temporarily suppress the notice in /home/ubuntu/Documentos/frameworks/htdocs/system/storage/vendor/twig/twig/src/Node/Node.php on line 166
2022-01-10 1:44:38 - PHP Unknown:  Return type of Twig\Node\Node::count() should either be compatible with Countable::count(): int, or the #[\ReturnTypeWillChange] attribute should be used to temporarily suppress the notice in /home/ubuntu/Documentos/frameworks/htdocs/system/storage/vendor/twig/twig/src/Node/Node.php on line 161
2022-01-10 1:44:38 - PHP Unknown:  Return type of Twig\Node\Node::getIterator() should either be compatible with IteratorAggregate::getIterator(): Traversable, or the #[\ReturnTypeWillChange] attribute should be used to temporarily suppress the notice in /home/ubuntu/Documentos/frameworks/htdocs/system/storage/vendor/twig/twig/src/Node/Node.php on line 166
2022-01-10 1:44:42 - PHP Unknown:  Return type of Twig\Node\Node::count() should either be compatible with Countable::count(): int, or the #[\ReturnTypeWillChange] attribute should be used to temporarily suppress the notice in /home/ubuntu/Documentos/frameworks/htdocs/system/storage/vendor/twig/twig/src/Node/Node.php on line 161
2022-01-10 1:44:42 - PHP Unknown:  Return type of Twig\Node\Node::getIterator() should either be compatible with IteratorAggregate::getIterator(): Traversable, or the #[\ReturnTypeWillChange] attribute should be used to temporarily suppress the notice in /home/ubuntu/Documentos/frameworks/htdocs/system/storage/vendor/twig/twig/src/Node/Node.php on line 166
2022-01-10 1:46:30 - PHP Unknown:  Return type of Twig\Node\Node::count() should either be compatible with Countable::count(): int, or the #[\ReturnTypeWillChange] attribute should be used to temporarily suppress the notice in /home/ubuntu/Documentos/frameworks/htdocs/system/storage/vendor/twig/twig/src/Node/Node.php on line 161
2022-01-10 1:46:30 - PHP Unknown:  Return type of Twig\Node\Node::getIterator() should either be compatible with IteratorAggregate::getIterator(): Traversable, or the #[\ReturnTypeWillChange] attribute should be used to temporarily suppress the notice in /home/ubuntu/Documentos/frameworks/htdocs/system/storage/vendor/twig/twig/src/Node/Node.php on line 166
2022-01-10 1:46:44 - PHP Unknown:  Return type of Twig\Node\Node::count() should either be compatible with Countable::count(): int, or the #[\ReturnTypeWillChange] attribute should be used to temporarily suppress the notice in /home/ubuntu/Documentos/frameworks/htdocs/system/storage/vendor/twig/twig/src/Node/Node.php on line 161
2022-01-10 1:46:44 - PHP Unknown:  Return type of Twig\Node\Node::getIterator() should either be compatible with IteratorAggregate::getIterator(): Traversable, or the #[\ReturnTypeWillChange] attribute should be used to temporarily suppress the notice in /home/ubuntu/Documentos/frameworks/htdocs/system/storage/vendor/twig/twig/src/Node/Node.php on line 166
2022-01-10 1:46:51 - PHP Unknown:  Automatic conversion of false to array is deprecated in /home/ubuntu/Documentos/frameworks/htdocs/system/library/cart/user.php on line 43
2022-01-10 1:46:51 - PHP Unknown:  Return type of Twig\Node\Node::count() should either be compatible with Countable::count(): int, or the #[\ReturnTypeWillChange] attribute should be used to temporarily suppress the notice in /home/ubuntu/Documentos/frameworks/htdocs/system/storage/vendor/twig/twig/src/Node/Node.php on line 161
2022-01-10 1:46:51 - PHP Unknown:  Return type of Twig\Node\Node::getIterator() should either be compatible with IteratorAggregate::getIterator(): Traversable, or the #[\ReturnTypeWillChange] attribute should be used to temporarily suppress the notice in /home/ubuntu/Documentos/frameworks/htdocs/system/storage/vendor/twig/twig/src/Node/Node.php on line 166
2022-01-10 1:46:51 - PHP Unknown:  round(): Passing null to parameter #1 ($num) of type int|float is deprecated in /home/ubuntu/Documentos/frameworks/htdocs/admin/controller/extension/dashboard/sale.php on line 116
2022-01-10 1:47:21 - PHP Unknown:  Return type of Twig\Node\Node::count() should either be compatible with Countable::count(): int, or the #[\ReturnTypeWillChange] attribute should be used to temporarily suppress the notice in /home/ubuntu/Documentos/frameworks/htdocs/system/storage/vendor/twig/twig/src/Node/Node.php on line 161
2022-01-10 1:47:21 - PHP Unknown:  Return type of Twig\Node\Node::getIterator() should either be compatible with IteratorAggregate::getIterator(): Traversable, or the #[\ReturnTypeWillChange] attribute should be used to temporarily suppress the notice in /home/ubuntu/Documentos/frameworks/htdocs/system/storage/vendor/twig/twig/src/Node/Node.php on line 166
2022-01-10 1:47:23 - PHP Unknown:  Return type of Twig\Node\Node::count() should either be compatible with Countable::count(): int, or the #[\ReturnTypeWillChange] attribute should be used to temporarily suppress the notice in /home/ubuntu/Documentos/frameworks/htdocs/system/storage/vendor/twig/twig/src/Node/Node.php on line 161
2022-01-10 1:47:23 - PHP Unknown:  Return type of Twig\Node\Node::getIterator() should either be compatible with IteratorAggregate::getIterator(): Traversable, or the #[\ReturnTypeWillChange] attribute should be used to temporarily suppress the notice in /home/ubuntu/Documentos/frameworks/htdocs/system/storage/vendor/twig/twig/src/Node/Node.php on line 166
2022-01-10 1:47:28 - PHP Unknown:  Return type of Twig\Node\Node::count() should either be compatible with Countable::count(): int, or the #[\ReturnTypeWillChange] attribute should be used to temporarily suppress the notice in /home/ubuntu/Documentos/frameworks/htdocs/system/storage/vendor/twig/twig/src/Node/Node.php on line 161
2022-01-10 1:47:28 - PHP Unknown:  Return type of Twig\Node\Node::getIterator() should either be compatible with IteratorAggregate::getIterator(): Traversable, or the #[\ReturnTypeWillChange] attribute should be used to temporarily suppress the notice in /home/ubuntu/Documentos/frameworks/htdocs/system/storage/vendor/twig/twig/src/Node/Node.php on line 166
2022-01-10 1:49:39 - PHP Unknown:  Return type of Twig\Node\Node::count() should either be compatible with Countable::count(): int, or the #[\ReturnTypeWillChange] attribute should be used to temporarily suppress the notice in /home/ubuntu/Documentos/frameworks/htdocs/system/storage/vendor/twig/twig/src/Node/Node.php on line 161
2022-01-10 1:49:39 - PHP Unknown:  Return type of Twig\Node\Node::getIterator() should either be compatible with IteratorAggregate::getIterator(): Traversable, or the #[\ReturnTypeWillChange] attribute should be used to temporarily suppress the notice in /home/ubuntu/Documentos/frameworks/htdocs/system/storage/vendor/twig/twig/src/Node/Node.php on line 166
2022-01-10 1:51:01 - PHP Unknown:  Optional parameter $product_ids declared before required parameter $store_id is implicitly treated as a required parameter in /home/ubuntu/Documentos/frameworks/htdocs/admin/model/extension/advertise/google.php on line 341
2022-01-10 1:51:01 - PHP Unknown:  Optional parameter $data declared before required parameter $store_id is implicitly treated as a required parameter in /home/ubuntu/Documentos/frameworks/htdocs/admin/model/extension/advertise/google.php on line 413
2022-01-10 1:51:01 - PHP Warning:  googleshopping\Googleshopping::integer(): Argument #1 ($product_id) must be passed by reference, value given in /home/ubuntu/Documentos/frameworks/htdocs/system/library/googleshopping/googleshopping.php on line 583
2022-01-10 1:54:41 - PHP Unknown:  Optional parameter $product_ids declared before required parameter $store_id is implicitly treated as a required parameter in /home/ubuntu/Documentos/frameworks/htdocs/admin/model/extension/advertise/google.php on line 341
2022-01-10 1:54:41 - PHP Unknown:  Optional parameter $data declared before required parameter $store_id is implicitly treated as a required parameter in /home/ubuntu/Documentos/frameworks/htdocs/admin/model/extension/advertise/google.php on line 413
2022-01-10 1:54:41 - PHP Warning:  googleshopping\Googleshopping::integer(): Argument #1 ($product_id) must be passed by reference, value given in /home/ubuntu/Documentos/frameworks/htdocs/system/library/googleshopping/googleshopping.php on line 583
2022-01-10 1:55:01 - PHP Unknown:  str_replace(): Passing null to parameter #3 ($subject) of type array|string is deprecated in /home/ubuntu/Documentos/frameworks/htdocs/system/library/db/pdo.php on line 85
2022-01-10 1:55:01 - PHP Unknown:  Return type of Twig\Node\Node::count() should either be compatible with Countable::count(): int, or the #[\ReturnTypeWillChange] attribute should be used to temporarily suppress the notice in /home/ubuntu/Documentos/frameworks/htdocs/system/storage/vendor/twig/twig/src/Node/Node.php on line 161
2022-01-10 1:55:01 - PHP Unknown:  Return type of Twig\Node\Node::getIterator() should either be compatible with IteratorAggregate::getIterator(): Traversable, or the #[\ReturnTypeWillChange] attribute should be used to temporarily suppress the notice in /home/ubuntu/Documentos/frameworks/htdocs/system/storage/vendor/twig/twig/src/Node/Node.php on line 166
2022-01-10 1:55:01 - PHP Unknown:  round(): Passing null to parameter #1 ($num) of type int|float is deprecated in /home/ubuntu/Documentos/frameworks/htdocs/catalog/model/catalog/product.php on line 45
2022-01-10 1:55:01 - PHP Unknown:  round(): Passing null to parameter #1 ($num) of type int|float is deprecated in /home/ubuntu/Documentos/frameworks/htdocs/catalog/model/catalog/product.php on line 45
2022-01-10 1:55:01 - PHP Unknown:  round(): Passing null to parameter #1 ($num) of type int|float is deprecated in /home/ubuntu/Documentos/frameworks/htdocs/catalog/model/catalog/product.php on line 45
2022-01-10 1:55:01 - PHP Unknown:  round(): Passing null to parameter #1 ($num) of type int|float is deprecated in /home/ubuntu/Documentos/frameworks/htdocs/catalog/model/catalog/product.php on line 45
2022-01-10 1:55:17 - PHP Unknown:  str_replace(): Passing null to parameter #3 ($subject) of type array|string is deprecated in /home/ubuntu/Documentos/frameworks/htdocs/system/library/db/pdo.php on line 85
2022-01-10 1:55:17 - PHP Unknown:  round(): Passing null to parameter #1 ($num) of type int|float is deprecated in /home/ubuntu/Documentos/frameworks/htdocs/catalog/model/catalog/product.php on line 45
2022-01-10 1:55:17 - PHP Unknown:  Return type of Twig\Node\Node::count() should either be compatible with Countable::count(): int, or the #[\ReturnTypeWillChange] attribute should be used to temporarily suppress the notice in /home/ubuntu/Documentos/frameworks/htdocs/system/storage/vendor/twig/twig/src/Node/Node.php on line 161
2022-01-10 1:55:17 - PHP Unknown:  Return type of Twig\Node\Node::getIterator() should either be compatible with IteratorAggregate::getIterator(): Traversable, or the #[\ReturnTypeWillChange] attribute should be used to temporarily suppress the notice in /home/ubuntu/Documentos/frameworks/htdocs/system/storage/vendor/twig/twig/src/Node/Node.php on line 166
2022-01-10 1:55:38 - PHP Unknown:  str_replace(): Passing null to parameter #3 ($subject) of type array|string is deprecated in /home/ubuntu/Documentos/frameworks/htdocs/system/library/db/pdo.php on line 85
2022-01-10 1:55:38 - PHP Unknown:  round(): Passing null to parameter #1 ($num) of type int|float is deprecated in /home/ubuntu/Documentos/frameworks/htdocs/catalog/model/catalog/product.php on line 45
2022-01-10 1:55:44 - PHP Unknown:  str_replace(): Passing null to parameter #3 ($subject) of type array|string is deprecated in /home/ubuntu/Documentos/frameworks/htdocs/system/library/db/pdo.php on line 85
2022-01-10 1:55:44 - PHP Unknown:  round(): Passing null to parameter #1 ($num) of type int|float is deprecated in /home/ubuntu/Documentos/frameworks/htdocs/catalog/model/catalog/product.php on line 45
